<?xml version="1.0" encoding="UTF-8"?>
<coverage generated="1739186895634" clover="3.2.0">
  <project timestamp="1739186895634" name="All files">
    <metrics statements="74" coveredstatements="68" conditionals="23" coveredconditionals="15" methods="25" coveredmethods="24" elements="122" coveredelements="107" complexity="0" loc="74" ncloc="74" packages="6" files="8" classes="8"/>
    <package name="core.components.Loader">
      <metrics statements="2" coveredstatements="1" conditionals="0" coveredconditionals="0" methods="1" coveredmethods="0"/>
      <file name="Loader.tsx" path="/Users/macbookpro/WebstormProjects/react-class-search-app/src/modules/core/components/Loader/Loader.tsx">
        <metrics statements="2" coveredstatements="1" conditionals="0" coveredconditionals="0" methods="1" coveredmethods="0"/>
        <line num="4" count="1" type="stmt"/>
        <line num="5" count="0" type="stmt"/>
      </file>
    </package>
    <package name="core.hooks">
      <metrics statements="11" coveredstatements="10" conditionals="7" coveredconditionals="5" methods="4" coveredmethods="4"/>
      <file name="useStoredSearchQuery.ts" path="/Users/macbookpro/WebstormProjects/react-class-search-app/src/modules/core/hooks/useStoredSearchQuery.ts">
        <metrics statements="11" coveredstatements="10" conditionals="7" coveredconditionals="5" methods="4" coveredmethods="4"/>
        <line num="3" count="1" type="stmt"/>
        <line num="6" count="3" type="stmt"/>
        <line num="7" count="2" type="cond" truecount="2" falsecount="0"/>
        <line num="10" count="3" type="stmt"/>
        <line num="11" count="2" type="stmt"/>
        <line num="12" count="2" type="cond" truecount="3" falsecount="1"/>
        <line num="13" count="0" type="stmt"/>
        <line num="17" count="3" type="stmt"/>
        <line num="18" count="1" type="stmt"/>
        <line num="19" count="1" type="stmt"/>
        <line num="22" count="3" type="stmt"/>
      </file>
    </package>
    <package name="core.utils">
      <metrics statements="1" coveredstatements="1" conditionals="0" coveredconditionals="0" methods="1" coveredmethods="1"/>
      <file name="stringHelpers.ts" path="/Users/macbookpro/WebstormProjects/react-class-search-app/src/modules/core/utils/stringHelpers.ts">
        <metrics statements="1" coveredstatements="1" conditionals="0" coveredconditionals="0" methods="1" coveredmethods="1"/>
        <line num="1" count="1" type="stmt"/>
      </file>
    </package>
    <package name="resultsSection.components">
      <metrics statements="44" coveredstatements="40" conditionals="14" coveredconditionals="9" methods="14" coveredmethods="14"/>
      <file name="DetailPanel.tsx" path="/Users/macbookpro/WebstormProjects/react-class-search-app/src/modules/resultsSection/components/DetailPanel.tsx">
        <metrics statements="27" coveredstatements="25" conditionals="8" coveredconditionals="5" methods="7" coveredmethods="7"/>
        <line num="25" count="1" type="stmt"/>
        <line num="46" count="1" type="stmt"/>
        <line num="47" count="4" type="stmt"/>
        <line num="48" count="4" type="stmt"/>
        <line num="49" count="4" type="stmt"/>
        <line num="50" count="4" type="stmt"/>
        <line num="52" count="4" type="stmt"/>
        <line num="53" count="2" type="stmt"/>
        <line num="54" count="2" type="stmt"/>
        <line num="55" count="2" type="stmt"/>
        <line num="56" count="2" type="stmt"/>
        <line num="57" count="2" type="cond" truecount="1" falsecount="1"/>
        <line num="58" count="0" type="stmt"/>
        <line num="60" count="2" type="stmt"/>
        <line num="61" count="2" type="stmt"/>
        <line num="63" count="0" type="stmt"/>
        <line num="65" count="2" type="stmt"/>
        <line num="68" count="2" type="stmt"/>
        <line num="71" count="4" type="cond" truecount="2" falsecount="0"/>
        <line num="72" count="2" type="cond" truecount="1" falsecount="1"/>
        <line num="74" count="2" type="stmt"/>
        <line num="75" count="2" type="cond" truecount="1" falsecount="1"/>
        <line num="77" count="2" type="stmt"/>
        <line num="79" count="1" type="stmt"/>
        <line num="101" count="4" type="stmt"/>
        <line num="134" count="4" type="stmt"/>
        <line num="144" count="2" type="stmt"/>
      </file>
      <file name="Pagination.tsx" path="/Users/macbookpro/WebstormProjects/react-class-search-app/src/modules/resultsSection/components/Pagination.tsx">
        <metrics statements="10" coveredstatements="10" conditionals="0" coveredconditionals="0" methods="5" coveredmethods="5"/>
        <line num="9" count="1" type="stmt"/>
        <line num="10" count="2" type="stmt"/>
        <line num="11" count="2" type="stmt"/>
        <line num="13" count="2" type="stmt"/>
        <line num="14" count="1" type="stmt"/>
        <line num="15" count="1" type="stmt"/>
        <line num="18" count="2" type="stmt"/>
        <line num="20" count="10" type="stmt"/>
        <line num="21" count="10" type="stmt"/>
        <line num="24" count="1" type="stmt"/>
      </file>
      <file name="ResultsList.tsx" path="/Users/macbookpro/WebstormProjects/react-class-search-app/src/modules/resultsSection/components/ResultsList.tsx">
        <metrics statements="7" coveredstatements="5" conditionals="6" coveredconditionals="4" methods="2" coveredmethods="2"/>
        <line num="13" count="1" type="stmt"/>
        <line num="14" count="2" type="cond" truecount="1" falsecount="1"/>
        <line num="15" count="0" type="stmt"/>
        <line num="18" count="2" type="cond" truecount="1" falsecount="1"/>
        <line num="19" count="0" type="stmt"/>
        <line num="27" count="2" type="stmt"/>
        <line num="30" count="3" type="stmt"/>
      </file>
    </package>
    <package name="shared.components.card">
      <metrics statements="8" coveredstatements="8" conditionals="2" coveredconditionals="1" methods="2" coveredmethods="2"/>
      <file name="Card.tsx" path="/Users/macbookpro/WebstormProjects/react-class-search-app/src/modules/shared/components/card/Card.tsx">
        <metrics statements="8" coveredstatements="8" conditionals="2" coveredconditionals="1" methods="2" coveredmethods="2"/>
        <line num="8" count="2" type="stmt"/>
        <line num="9" count="5" type="stmt"/>
        <line num="10" count="5" type="stmt"/>
        <line num="11" count="5" type="stmt"/>
        <line num="13" count="5" type="stmt"/>
        <line num="14" count="1" type="stmt"/>
        <line num="15" count="1" type="cond" truecount="1" falsecount="1"/>
        <line num="18" count="5" type="stmt"/>
      </file>
    </package>
    <package name="topControls.components">
      <metrics statements="8" coveredstatements="8" conditionals="0" coveredconditionals="0" methods="3" coveredmethods="3"/>
      <file name="SearchForm.tsx" path="/Users/macbookpro/WebstormProjects/react-class-search-app/src/modules/topControls/components/SearchForm.tsx">
        <metrics statements="8" coveredstatements="8" conditionals="0" coveredconditionals="0" methods="3" coveredmethods="3"/>
        <line num="10" count="1" type="stmt"/>
        <line num="11" count="3" type="stmt"/>
        <line num="13" count="3" type="stmt"/>
        <line num="14" count="1" type="stmt"/>
        <line num="17" count="3" type="stmt"/>
        <line num="18" count="1" type="stmt"/>
        <line num="19" count="1" type="stmt"/>
        <line num="22" count="3" type="stmt"/>
      </file>
    </package>
  </project>
</coverage>
