{"/Users/macbookpro/WebstormProjects/react-class-search-app/src/App.tsx": {"path":"/Users/macbookpro/WebstormProjects/react-class-search-app/src/App.tsx","statementMap":{"0":{"start":{"line":18,"column":23},"end":{"line":18,"column":25}},"1":{"start":{"line":20,"column":22},"end":{"line":96,"column":1}},"2":{"start":{"line":21,"column":26},"end":{"line":21,"column":46}},"3":{"start":{"line":22,"column":32},"end":{"line":22,"column":56}},"4":{"start":{"line":23,"column":28},"end":{"line":23,"column":57}},"5":{"start":{"line":25,"column":25},"end":{"line":25,"column":42}},"6":{"start":{"line":26,"column":19},"end":{"line":26,"column":32}},"7":{"start":{"line":27,"column":19},"end":{"line":27,"column":32}},"8":{"start":{"line":29,"column":20},"end":{"line":29,"column":44}},"9":{"start":{"line":30,"column":22},"end":{"line":30,"column":61}},"10":{"start":{"line":32,"column":24},"end":{"line":48,"column":3}},"11":{"start":{"line":33,"column":4},"end":{"line":33,"column":21}},"12":{"start":{"line":34,"column":4},"end":{"line":34,"column":19}},"13":{"start":{"line":35,"column":4},"end":{"line":47,"column":5}},"14":{"start":{"line":36,"column":6},"end":{"line":36,"column":64}},"15":{"start":{"line":36,"column":37},"end":{"line":36,"column":62}},"16":{"start":{"line":37,"column":28},"end":{"line":37,"column":51}},"17":{"start":{"line":38,"column":6},"end":{"line":38,"column":21}},"18":{"start":{"line":40,"column":6},"end":{"line":44,"column":7}},"19":{"start":{"line":41,"column":8},"end":{"line":41,"column":30}},"20":{"start":{"line":43,"column":8},"end":{"line":43,"column":46}},"21":{"start":{"line":46,"column":6},"end":{"line":46,"column":24}},"22":{"start":{"line":50,"column":2},"end":{"line":53,"column":9}},"23":{"start":{"line":51,"column":23},"end":{"line":51,"column":63}},"24":{"start":{"line":52,"column":4},"end":{"line":52,"column":30}},"25":{"start":{"line":55,"column":26},"end":{"line":59,"column":3}},"26":{"start":{"line":56,"column":4},"end":{"line":58,"column":5}},"27":{"start":{"line":57,"column":6},"end":{"line":57,"column":40}},"28":{"start":{"line":61,"column":21},"end":{"line":61,"column":60}},"29":{"start":{"line":62,"column":24},"end":{"line":65,"column":3}},"30":{"start":{"line":67,"column":22},"end":{"line":67,"column":46}},"31":{"start":{"line":69,"column":2},"end":{"line":95,"column":4}}},"fnMap":{"0":{"name":"(anonymous_0)","decl":{"start":{"line":20,"column":22},"end":{"line":20,"column":23}},"loc":{"start":{"line":20,"column":28},"end":{"line":96,"column":1}},"line":20},"1":{"name":"(anonymous_1)","decl":{"start":{"line":32,"column":24},"end":{"line":32,"column":25}},"loc":{"start":{"line":32,"column":49},"end":{"line":48,"column":3}},"line":32},"2":{"name":"(anonymous_2)","decl":{"start":{"line":36,"column":24},"end":{"line":36,"column":25}},"loc":{"start":{"line":36,"column":37},"end":{"line":36,"column":62}},"line":36},"3":{"name":"(anonymous_3)","decl":{"start":{"line":50,"column":12},"end":{"line":50,"column":13}},"loc":{"start":{"line":50,"column":18},"end":{"line":53,"column":3}},"line":50},"4":{"name":"(anonymous_4)","decl":{"start":{"line":55,"column":26},"end":{"line":55,"column":27}},"loc":{"start":{"line":55,"column":32},"end":{"line":59,"column":3}},"line":55}},"branchMap":{"0":{"loc":{"start":{"line":30,"column":22},"end":{"line":30,"column":61}},"type":"cond-expr","locations":[{"start":{"line":30,"column":34},"end":{"line":30,"column":57}},{"start":{"line":30,"column":60},"end":{"line":30,"column":61}}],"line":30},"1":{"loc":{"start":{"line":40,"column":6},"end":{"line":44,"column":7}},"type":"if","locations":[{"start":{"line":40,"column":6},"end":{"line":44,"column":7}},{"start":{"line":42,"column":13},"end":{"line":44,"column":7}}],"line":40},"2":{"loc":{"start":{"line":51,"column":23},"end":{"line":51,"column":63}},"type":"binary-expr","locations":[{"start":{"line":51,"column":23},"end":{"line":51,"column":57}},{"start":{"line":51,"column":61},"end":{"line":51,"column":63}}],"line":51},"3":{"loc":{"start":{"line":56,"column":4},"end":{"line":58,"column":5}},"type":"if","locations":[{"start":{"line":56,"column":4},"end":{"line":58,"column":5}},{"start":{},"end":{}}],"line":56},"4":{"loc":{"start":{"line":80,"column":11},"end":{"line":82,"column":11}},"type":"binary-expr","locations":[{"start":{"line":80,"column":11},"end":{"line":80,"column":39}},{"start":{"line":81,"column":12},"end":{"line":81,"column":76}}],"line":80},"5":{"loc":{"start":{"line":84,"column":9},"end":{"line":91,"column":9}},"type":"binary-expr","locations":[{"start":{"line":84,"column":9},"end":{"line":84,"column":20}},{"start":{"line":85,"column":10},"end":{"line":90,"column":16}}],"line":84}},"s":{"0":0,"1":0,"2":0,"3":0,"4":0,"5":0,"6":0,"7":0,"8":0,"9":0,"10":0,"11":0,"12":0,"13":0,"14":0,"15":0,"16":0,"17":0,"18":0,"19":0,"20":0,"21":0,"22":0,"23":0,"24":0,"25":0,"26":0,"27":0,"28":0,"29":0,"30":0,"31":0},"f":{"0":0,"1":0,"2":0,"3":0,"4":0},"b":{"0":[0,0],"1":[0,0],"2":[0,0],"3":[0,0],"4":[0,0],"5":[0,0]}}
,"/Users/macbookpro/WebstormProjects/react-class-search-app/src/main.tsx": {"path":"/Users/macbookpro/WebstormProjects/react-class-search-app/src/main.tsx","statementMap":{"0":{"start":{"line":10,"column":13},"end":{"line":12,"column":1}},"1":{"start":{"line":14,"column":0},"end":{"line":27,"column":2}}},"fnMap":{},"branchMap":{},"s":{"0":0,"1":0},"f":{},"b":{}}
,"/Users/macbookpro/WebstormProjects/react-class-search-app/src/modules/core/components/ErrorBoundary/ErrorBoundary.tsx": {"path":"/Users/macbookpro/WebstormProjects/react-class-search-app/src/modules/core/components/ErrorBoundary/ErrorBoundary.tsx","statementMap":{"0":{"start":{"line":16,"column":4},"end":{"line":16,"column":17}},"1":{"start":{"line":17,"column":4},"end":{"line":17,"column":67}},"2":{"start":{"line":21,"column":4},"end":{"line":21,"column":37}},"3":{"start":{"line":25,"column":4},"end":{"line":25,"column":59}},"4":{"start":{"line":26,"column":4},"end":{"line":26,"column":44}},"5":{"start":{"line":27,"column":4},"end":{"line":27,"column":40}},"6":{"start":{"line":30,"column":4},"end":{"line":39,"column":5}},"7":{"start":{"line":31,"column":6},"end":{"line":38,"column":8}},"8":{"start":{"line":36,"column":33},"end":{"line":36,"column":57}},"9":{"start":{"line":41,"column":4},"end":{"line":41,"column":31}}},"fnMap":{"0":{"name":"(anonymous_0)","decl":{"start":{"line":15,"column":2},"end":{"line":15,"column":3}},"loc":{"start":{"line":15,"column":28},"end":{"line":18,"column":3}},"line":15},"1":{"name":"(anonymous_1)","decl":{"start":{"line":20,"column":2},"end":{"line":20,"column":3}},"loc":{"start":{"line":20,"column":64},"end":{"line":22,"column":3}},"line":20},"2":{"name":"(anonymous_2)","decl":{"start":{"line":24,"column":2},"end":{"line":24,"column":3}},"loc":{"start":{"line":24,"column":62},"end":{"line":28,"column":3}},"line":24},"3":{"name":"(anonymous_3)","decl":{"start":{"line":29,"column":2},"end":{"line":29,"column":3}},"loc":{"start":{"line":29,"column":11},"end":{"line":42,"column":3}},"line":29},"4":{"name":"(anonymous_4)","decl":{"start":{"line":36,"column":27},"end":{"line":36,"column":28}},"loc":{"start":{"line":36,"column":33},"end":{"line":36,"column":57}},"line":36}},"branchMap":{"0":{"loc":{"start":{"line":30,"column":4},"end":{"line":39,"column":5}},"type":"if","locations":[{"start":{"line":30,"column":4},"end":{"line":39,"column":5}},{"start":{},"end":{}}],"line":30}},"s":{"0":0,"1":0,"2":0,"3":0,"4":0,"5":0,"6":0,"7":0,"8":0,"9":0},"f":{"0":0,"1":0,"2":0,"3":0,"4":0},"b":{"0":[0,0]}}
,"/Users/macbookpro/WebstormProjects/react-class-search-app/src/modules/core/components/ErrorButton/ErrorButton.tsx": {"path":"/Users/macbookpro/WebstormProjects/react-class-search-app/src/modules/core/components/ErrorButton/ErrorButton.tsx","statementMap":{"0":{"start":{"line":4,"column":30},"end":{"line":20,"column":1}},"1":{"start":{"line":5,"column":38},"end":{"line":5,"column":53}},"2":{"start":{"line":7,"column":22},"end":{"line":9,"column":3}},"3":{"start":{"line":8,"column":4},"end":{"line":8,"column":24}},"4":{"start":{"line":11,"column":2},"end":{"line":13,"column":3}},"5":{"start":{"line":12,"column":4},"end":{"line":12,"column":44}},"6":{"start":{"line":15,"column":2},"end":{"line":19,"column":4}}},"fnMap":{"0":{"name":"(anonymous_0)","decl":{"start":{"line":4,"column":30},"end":{"line":4,"column":31}},"loc":{"start":{"line":4,"column":36},"end":{"line":20,"column":1}},"line":4},"1":{"name":"(anonymous_1)","decl":{"start":{"line":7,"column":22},"end":{"line":7,"column":23}},"loc":{"start":{"line":7,"column":28},"end":{"line":9,"column":3}},"line":7}},"branchMap":{"0":{"loc":{"start":{"line":11,"column":2},"end":{"line":13,"column":3}},"type":"if","locations":[{"start":{"line":11,"column":2},"end":{"line":13,"column":3}},{"start":{},"end":{}}],"line":11}},"s":{"0":0,"1":0,"2":0,"3":0,"4":0,"5":0,"6":0},"f":{"0":0,"1":0},"b":{"0":[0,0]}}
,"/Users/macbookpro/WebstormProjects/react-class-search-app/src/modules/core/components/Loader/Loader.tsx": {"path":"/Users/macbookpro/WebstormProjects/react-class-search-app/src/modules/core/components/Loader/Loader.tsx","statementMap":{"0":{"start":{"line":4,"column":25},"end":{"line":9,"column":1}},"1":{"start":{"line":5,"column":2},"end":{"line":8,"column":8}}},"fnMap":{"0":{"name":"(anonymous_0)","decl":{"start":{"line":4,"column":25},"end":{"line":4,"column":26}},"loc":{"start":{"line":5,"column":2},"end":{"line":8,"column":8}},"line":5}},"branchMap":{},"s":{"0":1,"1":0},"f":{"0":0},"b":{},"_coverageSchema":"1a1c01bbd47fc00a2c39e90264f33305004495a9","hash":"9a8679e25d5c992ba392550fd21e0a65bdd0874c"}
,"/Users/macbookpro/WebstormProjects/react-class-search-app/src/modules/core/components/NotFound/NotFound.tsx": {"path":"/Users/macbookpro/WebstormProjects/react-class-search-app/src/modules/core/components/NotFound/NotFound.tsx","statementMap":{"0":{"start":{"line":3,"column":27},"end":{"line":10,"column":1}},"1":{"start":{"line":4,"column":2},"end":{"line":9,"column":4}}},"fnMap":{"0":{"name":"(anonymous_0)","decl":{"start":{"line":3,"column":27},"end":{"line":3,"column":28}},"loc":{"start":{"line":3,"column":33},"end":{"line":10,"column":1}},"line":3}},"branchMap":{},"s":{"0":0,"1":0},"f":{"0":0},"b":{}}
,"/Users/macbookpro/WebstormProjects/react-class-search-app/src/modules/resultsSection/components/DetailPanel.tsx": {"path":"/Users/macbookpro/WebstormProjects/react-class-search-app/src/modules/resultsSection/components/DetailPanel.tsx","statementMap":{"0":{"start":{"line":25,"column":46},"end":{"line":44,"column":1}},"1":{"start":{"line":46,"column":29},"end":{"line":165,"column":1}},"2":{"start":{"line":47,"column":17},"end":{"line":47,"column":44}},"3":{"start":{"line":48,"column":32},"end":{"line":48,"column":66}},"4":{"start":{"line":49,"column":32},"end":{"line":49,"column":55}},"5":{"start":{"line":50,"column":19},"end":{"line":50,"column":32}},"6":{"start":{"line":52,"column":2},"end":{"line":69,"column":11}},"7":{"start":{"line":53,"column":25},"end":{"line":66,"column":5}},"8":{"start":{"line":54,"column":6},"end":{"line":54,"column":23}},"9":{"start":{"line":55,"column":6},"end":{"line":64,"column":7}},"10":{"start":{"line":56,"column":25},"end":{"line":56,"column":79}},"11":{"start":{"line":57,"column":8},"end":{"line":59,"column":9}},"12":{"start":{"line":58,"column":10},"end":{"line":58,"column":53}},"13":{"start":{"line":60,"column":34},"end":{"line":60,"column":55}},"14":{"start":{"line":61,"column":8},"end":{"line":61,"column":25}},"15":{"start":{"line":63,"column":8},"end":{"line":63,"column":29}},"16":{"start":{"line":65,"column":6},"end":{"line":65,"column":24}},"17":{"start":{"line":68,"column":4},"end":{"line":68,"column":19}},"18":{"start":{"line":71,"column":2},"end":{"line":71,"column":40}},"19":{"start":{"line":71,"column":15},"end":{"line":71,"column":40}},"20":{"start":{"line":72,"column":2},"end":{"line":72,"column":48}},"21":{"start":{"line":72,"column":16},"end":{"line":72,"column":48}},"22":{"start":{"line":74,"column":22},"end":{"line":74,"column":48}},"23":{"start":{"line":75,"column":18},"end":{"line":75,"column":54}},"24":{"start":{"line":77,"column":2},"end":{"line":164,"column":4}},"25":{"start":{"line":79,"column":53},"end":{"line":79,"column":66}},"26":{"start":{"line":101,"column":14},"end":{"line":107,"column":21}},"27":{"start":{"line":134,"column":36},"end":{"line":134,"column":56}},"28":{"start":{"line":144,"column":14},"end":{"line":158,"column":20}}},"fnMap":{"0":{"name":"(anonymous_0)","decl":{"start":{"line":46,"column":29},"end":{"line":46,"column":30}},"loc":{"start":{"line":46,"column":35},"end":{"line":165,"column":1}},"line":46},"1":{"name":"(anonymous_1)","decl":{"start":{"line":52,"column":12},"end":{"line":52,"column":13}},"loc":{"start":{"line":52,"column":18},"end":{"line":69,"column":3}},"line":52},"2":{"name":"(anonymous_2)","decl":{"start":{"line":53,"column":25},"end":{"line":53,"column":26}},"loc":{"start":{"line":53,"column":37},"end":{"line":66,"column":5}},"line":53},"3":{"name":"(anonymous_3)","decl":{"start":{"line":79,"column":47},"end":{"line":79,"column":48}},"loc":{"start":{"line":79,"column":53},"end":{"line":79,"column":66}},"line":79},"4":{"name":"(anonymous_4)","decl":{"start":{"line":100,"column":31},"end":{"line":100,"column":32}},"loc":{"start":{"line":101,"column":14},"end":{"line":107,"column":21}},"line":101},"5":{"name":"(anonymous_5)","decl":{"start":{"line":134,"column":23},"end":{"line":134,"column":24}},"loc":{"start":{"line":134,"column":36},"end":{"line":134,"column":56}},"line":134},"6":{"name":"(anonymous_6)","decl":{"start":{"line":143,"column":31},"end":{"line":143,"column":32}},"loc":{"start":{"line":144,"column":14},"end":{"line":158,"column":20}},"line":144}},"branchMap":{"0":{"loc":{"start":{"line":57,"column":8},"end":{"line":59,"column":9}},"type":"if","locations":[{"start":{"line":57,"column":8},"end":{"line":59,"column":9}},{"start":{},"end":{}}],"line":57},"1":{"loc":{"start":{"line":71,"column":2},"end":{"line":71,"column":40}},"type":"if","locations":[{"start":{"line":71,"column":2},"end":{"line":71,"column":40}},{"start":{},"end":{}}],"line":71},"2":{"loc":{"start":{"line":72,"column":2},"end":{"line":72,"column":48}},"type":"if","locations":[{"start":{"line":72,"column":2},"end":{"line":72,"column":48}},{"start":{},"end":{}}],"line":72},"3":{"loc":{"start":{"line":75,"column":18},"end":{"line":75,"column":54}},"type":"binary-expr","locations":[{"start":{"line":75,"column":18},"end":{"line":75,"column":41}},{"start":{"line":75,"column":45},"end":{"line":75,"column":54}}],"line":75}},"s":{"0":1,"1":1,"2":4,"3":4,"4":4,"5":4,"6":4,"7":2,"8":2,"9":2,"10":2,"11":2,"12":0,"13":2,"14":2,"15":0,"16":2,"17":2,"18":4,"19":2,"20":2,"21":0,"22":2,"23":2,"24":2,"25":1,"26":4,"27":4,"28":2},"f":{"0":4,"1":2,"2":2,"3":1,"4":4,"5":4,"6":2},"b":{"0":[0,2],"1":[2,2],"2":[0,2],"3":[2,0]},"_coverageSchema":"1a1c01bbd47fc00a2c39e90264f33305004495a9","hash":"a0509cb3d8e66510b48456a501803d0cc26ef9b6"}
,"/Users/macbookpro/WebstormProjects/react-class-search-app/src/modules/resultsSection/components/Pagination.tsx": {"path":"/Users/macbookpro/WebstormProjects/react-class-search-app/src/modules/resultsSection/components/Pagination.tsx","statementMap":{"0":{"start":{"line":10,"column":46},"end":{"line":37,"column":1}},"1":{"start":{"line":11,"column":19},"end":{"line":11,"column":32}},"2":{"start":{"line":12,"column":25},"end":{"line":12,"column":42}},"3":{"start":{"line":14,"column":27},"end":{"line":17,"column":3}},"4":{"start":{"line":15,"column":4},"end":{"line":15,"column":46}},"5":{"start":{"line":16,"column":4},"end":{"line":16,"column":45}},"6":{"start":{"line":19,"column":2},"end":{"line":36,"column":4}},"7":{"start":{"line":22,"column":56},"end":{"line":22,"column":63}},"8":{"start":{"line":23,"column":10},"end":{"line":32,"column":19}},"9":{"start":{"line":26,"column":27},"end":{"line":26,"column":49}}},"fnMap":{"0":{"name":"(anonymous_0)","decl":{"start":{"line":10,"column":46},"end":{"line":10,"column":47}},"loc":{"start":{"line":10,"column":79},"end":{"line":37,"column":1}},"line":10},"1":{"name":"(anonymous_1)","decl":{"start":{"line":14,"column":27},"end":{"line":14,"column":28}},"loc":{"start":{"line":14,"column":45},"end":{"line":17,"column":3}},"line":14},"2":{"name":"(anonymous_2)","decl":{"start":{"line":22,"column":44},"end":{"line":22,"column":45}},"loc":{"start":{"line":22,"column":56},"end":{"line":22,"column":63}},"line":22},"3":{"name":"(anonymous_3)","decl":{"start":{"line":22,"column":69},"end":{"line":22,"column":70}},"loc":{"start":{"line":23,"column":10},"end":{"line":32,"column":19}},"line":23},"4":{"name":"(anonymous_4)","decl":{"start":{"line":26,"column":21},"end":{"line":26,"column":22}},"loc":{"start":{"line":26,"column":27},"end":{"line":26,"column":49}},"line":26}},"branchMap":{"0":{"loc":{"start":{"line":28,"column":14},"end":{"line":28,"column":76}},"type":"cond-expr","locations":[{"start":{"line":28,"column":37},"end":{"line":28,"column":54}},{"start":{"line":28,"column":57},"end":{"line":28,"column":76}}],"line":28}},"s":{"0":1,"1":2,"2":2,"3":2,"4":1,"5":1,"6":2,"7":10,"8":10,"9":1},"f":{"0":2,"1":1,"2":10,"3":10,"4":1},"b":{"0":[2,8]},"_coverageSchema":"1a1c01bbd47fc00a2c39e90264f33305004495a9","hash":"052d15753fda6ade620ac36e8fc32304fc3c77b4"}
,"/Users/macbookpro/WebstormProjects/react-class-search-app/src/modules/resultsSection/components/ResultsList.tsx": {"path":"/Users/macbookpro/WebstormProjects/react-class-search-app/src/modules/resultsSection/components/ResultsList.tsx","statementMap":{"0":{"start":{"line":13,"column":48},"end":{"line":36,"column":1}},"1":{"start":{"line":14,"column":2},"end":{"line":16,"column":3}},"2":{"start":{"line":15,"column":4},"end":{"line":15,"column":22}},"3":{"start":{"line":18,"column":2},"end":{"line":25,"column":3}},"4":{"start":{"line":19,"column":4},"end":{"line":24,"column":6}},"5":{"start":{"line":27,"column":2},"end":{"line":35,"column":4}},"6":{"start":{"line":30,"column":34},"end":{"line":30,"column":64}}},"fnMap":{"0":{"name":"(anonymous_0)","decl":{"start":{"line":13,"column":48},"end":{"line":13,"column":49}},"loc":{"start":{"line":13,"column":78},"end":{"line":36,"column":1}},"line":13},"1":{"name":"(anonymous_1)","decl":{"start":{"line":30,"column":17},"end":{"line":30,"column":18}},"loc":{"start":{"line":30,"column":34},"end":{"line":30,"column":64}},"line":30}},"branchMap":{"0":{"loc":{"start":{"line":14,"column":2},"end":{"line":16,"column":3}},"type":"if","locations":[{"start":{"line":14,"column":2},"end":{"line":16,"column":3}},{"start":{},"end":{}}],"line":14},"1":{"loc":{"start":{"line":18,"column":2},"end":{"line":25,"column":3}},"type":"if","locations":[{"start":{"line":18,"column":2},"end":{"line":25,"column":3}},{"start":{},"end":{}}],"line":18},"2":{"loc":{"start":{"line":29,"column":7},"end":{"line":33,"column":7}},"type":"cond-expr","locations":[{"start":{"line":30,"column":8},"end":{"line":30,"column":65}},{"start":{"line":32,"column":8},"end":{"line":32,"column":25}}],"line":29}},"s":{"0":1,"1":2,"2":0,"3":2,"4":0,"5":2,"6":3},"f":{"0":2,"1":3},"b":{"0":[0,2],"1":[0,2],"2":[1,1]},"_coverageSchema":"1a1c01bbd47fc00a2c39e90264f33305004495a9","hash":"83ff82d1677b2f9b85505738a5ebb99c3fa46abc"}
,"/Users/macbookpro/WebstormProjects/react-class-search-app/src/modules/shared/components/card/Card.tsx": {"path":"/Users/macbookpro/WebstormProjects/react-class-search-app/src/modules/shared/components/card/Card.tsx","statementMap":{"0":{"start":{"line":8,"column":34},"end":{"line":25,"column":1}},"1":{"start":{"line":9,"column":26},"end":{"line":9,"column":55}},"2":{"start":{"line":10,"column":19},"end":{"line":10,"column":32}},"3":{"start":{"line":11,"column":25},"end":{"line":11,"column":42}},"4":{"start":{"line":13,"column":22},"end":{"line":16,"column":3}},"5":{"start":{"line":14,"column":4},"end":{"line":14,"column":24}},"6":{"start":{"line":15,"column":4},"end":{"line":15,"column":75}},"7":{"start":{"line":18,"column":2},"end":{"line":24,"column":4}}},"fnMap":{"0":{"name":"(anonymous_0)","decl":{"start":{"line":8,"column":34},"end":{"line":8,"column":35}},"loc":{"start":{"line":8,"column":66},"end":{"line":25,"column":1}},"line":8},"1":{"name":"(anonymous_1)","decl":{"start":{"line":13,"column":22},"end":{"line":13,"column":23}},"loc":{"start":{"line":13,"column":47},"end":{"line":16,"column":3}},"line":13}},"branchMap":{"0":{"loc":{"start":{"line":15,"column":40},"end":{"line":15,"column":71}},"type":"binary-expr","locations":[{"start":{"line":15,"column":40},"end":{"line":15,"column":64}},{"start":{"line":15,"column":68},"end":{"line":15,"column":71}}],"line":15}},"s":{"0":2,"1":5,"2":5,"3":5,"4":5,"5":1,"6":1,"7":5},"f":{"0":5,"1":1},"b":{"0":[1,0]},"_coverageSchema":"1a1c01bbd47fc00a2c39e90264f33305004495a9","hash":"693a9834280fe581d590d6af2ad777f8c5860679"}
,"/Users/macbookpro/WebstormProjects/react-class-search-app/src/modules/shared/components/header/Header.tsx": {"path":"/Users/macbookpro/WebstormProjects/react-class-search-app/src/modules/shared/components/header/Header.tsx","statementMap":{"0":{"start":{"line":5,"column":25},"end":{"line":12,"column":1}},"1":{"start":{"line":6,"column":2},"end":{"line":11,"column":4}}},"fnMap":{"0":{"name":"(anonymous_0)","decl":{"start":{"line":5,"column":25},"end":{"line":5,"column":26}},"loc":{"start":{"line":5,"column":31},"end":{"line":12,"column":1}},"line":5}},"branchMap":{},"s":{"0":0,"1":0},"f":{"0":0},"b":{}}
,"/Users/macbookpro/WebstormProjects/react-class-search-app/src/modules/topControls/components/SearchForm.tsx": {"path":"/Users/macbookpro/WebstormProjects/react-class-search-app/src/modules/topControls/components/SearchForm.tsx","statementMap":{"0":{"start":{"line":10,"column":46},"end":{"line":43,"column":1}},"1":{"start":{"line":11,"column":28},"end":{"line":11,"column":62}},"2":{"start":{"line":13,"column":28},"end":{"line":15,"column":3}},"3":{"start":{"line":14,"column":4},"end":{"line":14,"column":29}},"4":{"start":{"line":17,"column":23},"end":{"line":20,"column":3}},"5":{"start":{"line":18,"column":25},"end":{"line":18,"column":41}},"6":{"start":{"line":19,"column":4},"end":{"line":19,"column":27}},"7":{"start":{"line":22,"column":25},"end":{"line":26,"column":3}},"8":{"start":{"line":23,"column":4},"end":{"line":25,"column":5}},"9":{"start":{"line":24,"column":6},"end":{"line":24,"column":21}},"10":{"start":{"line":28,"column":2},"end":{"line":42,"column":4}}},"fnMap":{"0":{"name":"(anonymous_0)","decl":{"start":{"line":10,"column":46},"end":{"line":10,"column":47}},"loc":{"start":{"line":10,"column":64},"end":{"line":43,"column":1}},"line":10},"1":{"name":"(anonymous_1)","decl":{"start":{"line":13,"column":28},"end":{"line":13,"column":29}},"loc":{"start":{"line":13,"column":72},"end":{"line":15,"column":3}},"line":13},"2":{"name":"(anonymous_2)","decl":{"start":{"line":17,"column":23},"end":{"line":17,"column":24}},"loc":{"start":{"line":17,"column":29},"end":{"line":20,"column":3}},"line":17},"3":{"name":"(anonymous_3)","decl":{"start":{"line":22,"column":25},"end":{"line":22,"column":26}},"loc":{"start":{"line":22,"column":71},"end":{"line":26,"column":3}},"line":22}},"branchMap":{"0":{"loc":{"start":{"line":23,"column":4},"end":{"line":25,"column":5}},"type":"if","locations":[{"start":{"line":23,"column":4},"end":{"line":25,"column":5}},{"start":{},"end":{}}],"line":23}},"s":{"0":1,"1":3,"2":3,"3":1,"4":3,"5":1,"6":1,"7":3,"8":0,"9":0,"10":3},"f":{"0":3,"1":1,"2":1,"3":0},"b":{"0":[0,0]},"_coverageSchema":"1a1c01bbd47fc00a2c39e90264f33305004495a9","hash":"5388d84cb56c4418afd69c7820bd7041704aa601"}
}
