TN:
SF:src/App.tsx
FN:25,(anonymous_0)
FN:36,(anonymous_1)
FN:48,(anonymous_2)
FN:71,(anonymous_3)
FN:76,(anonymous_4)
FNF:5
FNH:3
FNDA:2,(anonymous_0)
FNDA:2,(anonymous_1)
FNDA:0,(anonymous_2)
FNDA:0,(anonymous_3)
FNDA:4,(anonymous_4)
DA:23,1
DA:25,1
DA:26,2
DA:27,2
DA:28,2
DA:30,2
DA:31,2
DA:32,2
DA:34,2
DA:36,2
DA:39,2
DA:40,0
DA:41,0
DA:42,0
DA:43,0
DA:45,0
DA:48,2
DA:49,0
DA:50,0
DA:52,0
DA:53,0
DA:54,0
DA:55,0
DA:59,2
DA:62,2
DA:69,2
DA:71,2
DA:72,0
DA:75,2
DA:76,4
DA:79,2
LF:31
LH:19
BRDA:30,0,0,2
BRDA:30,0,1,2
BRDA:32,1,0,0
BRDA:32,1,1,2
BRDA:34,2,0,2
BRDA:39,3,0,2
BRDA:39,3,1,0
BRDA:40,4,0,0
BRDA:40,4,1,0
BRDA:42,5,0,0
BRDA:42,5,1,0
BRDA:43,6,0,0
BRDA:43,6,1,0
BRDA:52,7,0,0
BRDA:52,7,1,0
BRDA:52,8,0,0
BRDA:52,8,1,0
BRDA:52,8,2,0
BRDA:54,9,0,0
BRDA:54,9,1,0
BRDA:59,10,0,2
BRDA:59,10,1,0
BRDA:62,11,0,2
BRDA:62,11,1,0
BRDA:95,12,0,2
BRDA:95,12,1,0
BRDA:99,13,0,2
BRDA:99,13,1,0
BRDA:108,14,0,2
BRDA:108,14,1,0
BRF:30
BRH:10
end_of_record
TN:
SF:src/main.tsx
FNF:0
FNH:0
DA:13,0
DA:17,0
LF:2
LH:0
BRF:0
BRH:0
end_of_record
TN:
SF:src/modules/core/components/ErrorBoundary/ErrorBoundary.tsx
FN:15,(anonymous_0)
FN:20,(anonymous_1)
FN:24,(anonymous_2)
FN:29,(anonymous_3)
FN:36,(anonymous_4)
FNF:5
FNH:4
FNDA:3,(anonymous_0)
FNDA:2,(anonymous_1)
FNDA:1,(anonymous_2)
FNDA:5,(anonymous_3)
FNDA:0,(anonymous_4)
DA:16,3
DA:17,2
DA:21,2
DA:25,1
DA:26,1
DA:27,1
DA:30,5
DA:31,3
DA:36,0
DA:41,2
LF:10
LH:9
BRDA:30,0,0,3
BRDA:30,0,1,2
BRF:2
BRH:2
end_of_record
TN:
SF:src/modules/core/components/ErrorButton/ErrorButton.tsx
FN:4,(anonymous_0)
FN:7,(anonymous_1)
FNF:2
FNH:2
FNDA:9,(anonymous_0)
FNDA:1,(anonymous_1)
DA:4,2
DA:5,9
DA:7,8
DA:8,1
DA:11,8
DA:12,4
DA:15,4
LF:7
LH:7
BRDA:11,0,0,4
BRDA:11,0,1,4
BRF:2
BRH:2
end_of_record
TN:
SF:src/modules/core/components/Loader/Loader.tsx
FN:4,(anonymous_0)
FNF:1
FNH:1
FNDA:3,(anonymous_0)
DA:4,3
DA:5,3
LF:2
LH:2
BRF:0
BRH:0
end_of_record
TN:
SF:src/modules/core/components/NotFound/NotFound.tsx
FN:3,(anonymous_0)
FNF:1
FNH:1
FNDA:1,(anonymous_0)
DA:3,1
DA:4,1
LF:2
LH:2
BRF:0
BRH:0
end_of_record
TN:
SF:src/modules/core/components/ThemeSwitcher/ThemeSwitcher.tsx
FN:5,(anonymous_0)
FN:8,(anonymous_1)
FNF:2
FNH:2
FNDA:5,(anonymous_0)
FNDA:1,(anonymous_1)
DA:5,2
DA:6,5
DA:8,5
DA:9,1
DA:12,5
LF:5
LH:5
BRF:0
BRH:0
end_of_record
TN:
SF:src/modules/core/context/ThemeContext.tsx
FN:18,(anonymous_0)
FN:23,(anonymous_1)
FN:34,(anonymous_2)
FNF:3
FNH:3
FNDA:5,(anonymous_0)
FNDA:5,(anonymous_1)
FNDA:6,(anonymous_2)
DA:16,3
DA:18,3
DA:21,5
DA:23,5
DA:24,5
DA:27,5
DA:34,3
DA:35,6
DA:36,6
DA:37,0
DA:39,6
LF:11
LH:10
BRDA:36,0,0,0
BRDA:36,0,1,6
BRF:2
BRH:1
end_of_record
TN:
SF:src/modules/resultsSection/components/DetailPanel.tsx
FN:46,(anonymous_0)
FN:52,(anonymous_1)
FN:53,(anonymous_2)
FN:80,(anonymous_3)
FN:101,(anonymous_4)
FN:135,(anonymous_5)
FN:144,(anonymous_6)
FNF:7
FNH:7
FNDA:2,(anonymous_0)
FNDA:1,(anonymous_1)
FNDA:1,(anonymous_2)
FNDA:1,(anonymous_3)
FNDA:2,(anonymous_4)
FNDA:2,(anonymous_5)
FNDA:6,(anonymous_6)
DA:25,1
DA:46,1
DA:47,2
DA:48,2
DA:49,2
DA:50,2
DA:52,2
DA:53,1
DA:54,1
DA:55,1
DA:56,1
DA:57,1
DA:58,0
DA:60,1
DA:61,1
DA:63,0
DA:65,1
DA:69,1
DA:72,2
DA:73,1
DA:75,1
DA:76,1
DA:78,1
DA:80,1
DA:102,2
DA:135,2
DA:145,6
LF:27
LH:25
BRDA:57,0,0,0
BRDA:57,0,1,1
BRDA:72,1,0,1
BRDA:72,1,1,1
BRDA:73,2,0,0
BRDA:73,2,1,1
BRDA:76,3,0,1
BRDA:76,3,1,0
BRF:8
BRH:5
end_of_record
TN:
SF:src/modules/resultsSection/components/Pagination.tsx
FN:10,(anonymous_0)
FN:14,(anonymous_1)
FN:22,(anonymous_2)
FN:22,(anonymous_3)
FN:26,(anonymous_4)
FNF:5
FNH:5
FNDA:2,(anonymous_0)
FNDA:1,(anonymous_1)
FNDA:10,(anonymous_2)
FNDA:10,(anonymous_3)
FNDA:1,(anonymous_4)
DA:10,2
DA:11,2
DA:12,2
DA:14,2
DA:15,1
DA:16,1
DA:19,2
DA:22,10
DA:23,10
DA:26,1
LF:10
LH:10
BRDA:28,0,0,2
BRDA:28,0,1,8
BRF:2
BRH:2
end_of_record
TN:
SF:src/modules/resultsSection/components/ResultsList.tsx
FN:13,(anonymous_0)
FN:30,(anonymous_1)
FNF:2
FNH:2
FNDA:3,(anonymous_0)
FNDA:2,(anonymous_1)
DA:13,2
DA:14,3
DA:15,2
DA:18,1
DA:19,0
DA:27,1
DA:30,2
LF:7
LH:6
BRDA:14,0,0,2
BRDA:14,0,1,1
BRDA:18,1,0,0
BRDA:18,1,1,1
BRDA:29,2,0,1
BRDA:29,2,1,0
BRF:6
BRH:4
end_of_record
TN:
SF:src/modules/shared/components/card/Card.tsx
FN:11,(anonymous_0)
FN:17,(anonymous_1)
FN:19,(anonymous_2)
FN:23,(anonymous_3)
FN:30,(anonymous_4)
FN:48,(anonymous_5)
FNF:6
FNH:5
FNDA:5,(anonymous_0)
FNDA:10,(anonymous_1)
FNDA:0,(anonymous_2)
FNDA:1,(anonymous_3)
FNDA:1,(anonymous_4)
FNDA:1,(anonymous_5)
DA:11,3
DA:12,5
DA:13,5
DA:14,5
DA:15,5
DA:16,5
DA:17,10
DA:19,5
DA:20,5
DA:21,5
DA:23,5
DA:24,1
DA:25,1
DA:30,5
DA:31,1
DA:32,0
DA:34,1
DA:38,5
DA:48,1
LF:19
LH:18
BRDA:21,0,0,5
BRDA:21,0,1,2
BRDA:31,1,0,0
BRDA:31,1,1,1
BRDA:40,2,0,0
BRDA:40,2,1,5
BRF:6
BRH:4
end_of_record
TN:
SF:src/modules/shared/components/flyout/Flyout.tsx
FN:7,(anonymous_0)
FN:10,(anonymous_1)
FN:13,(anonymous_2)
FN:17,(anonymous_3)
FN:20,(anonymous_4)
FNF:5
FNH:5
FNDA:4,(anonymous_0)
FNDA:8,(anonymous_1)
FNDA:1,(anonymous_2)
FNDA:1,(anonymous_3)
FNDA:1,(anonymous_4)
DA:7,2
DA:8,4
DA:9,4
DA:10,8
DA:13,4
DA:14,1
DA:17,4
DA:18,1
DA:21,1
DA:25,1
DA:26,1
DA:27,1
DA:28,1
DA:29,1
DA:30,1
DA:31,1
DA:34,4
LF:17
LH:17
BRF:0
BRH:0
end_of_record
TN:
SF:src/modules/shared/components/header/Header.tsx
FN:5,(anonymous_0)
FNF:1
FNH:1
FNDA:3,(anonymous_0)
DA:5,2
DA:6,3
LF:2
LH:2
BRF:0
BRH:0
end_of_record
TN:
SF:src/modules/topControls/components/SearchForm.tsx
FN:10,(anonymous_0)
FN:13,(anonymous_1)
FN:17,(anonymous_2)
FN:22,(anonymous_3)
FNF:4
FNH:3
FNDA:5,(anonymous_0)
FNDA:1,(anonymous_1)
FNDA:1,(anonymous_2)
FNDA:0,(anonymous_3)
DA:10,2
DA:11,5
DA:13,5
DA:14,1
DA:17,5
DA:18,1
DA:19,1
DA:22,5
DA:23,0
DA:24,0
DA:28,5
LF:11
LH:9
BRDA:23,0,0,0
BRDA:23,0,1,0
BRF:2
BRH:0
end_of_record
