TN:
SF:src/app/layout.tsx
FN:11,(anonymous_0)
FNF:1
FNH:1
FNDA:1,(anonymous_0)
DA:11,1
DA:12,1
LF:2
LH:2
BRF:0
BRH:0
end_of_record
TN:
SF:src/app/not-found.tsx
FN:3,(anonymous_0)
FNF:1
FNH:1
FNDA:1,(anonymous_0)
DA:3,1
DA:4,1
LF:2
LH:2
BRF:0
BRH:0
end_of_record
TN:
SF:src/app/page.tsx
FN:20,(anonymous_0)
FN:39,(anonymous_1)
FN:51,(anonymous_2)
FN:59,(anonymous_3)
FNF:4
FNH:3
FNDA:3,(anonymous_0)
FNDA:2,(anonymous_1)
FNDA:0,(anonymous_2)
FNDA:4,(anonymous_3)
DA:18,1
DA:20,1
DA:21,3
DA:22,3
DA:23,3
DA:24,3
DA:25,3
DA:26,3
DA:32,3
DA:39,2
DA:42,2
DA:43,0
DA:44,0
DA:45,0
DA:46,0
DA:48,0
DA:51,2
DA:52,0
DA:55,2
DA:56,2
DA:58,2
DA:59,4
DA:62,2
LF:23
LH:17
BRDA:23,0,0,3
BRDA:23,0,1,3
BRDA:24,1,0,3
BRDA:24,1,1,3
BRDA:25,2,0,3
BRDA:25,2,1,3
BRDA:29,3,0,2
BRDA:42,4,0,2
BRDA:42,4,1,0
BRDA:43,5,0,0
BRDA:43,5,1,0
BRDA:45,6,0,0
BRDA:45,6,1,0
BRDA:46,7,0,0
BRDA:46,7,1,0
BRDA:74,8,0,2
BRDA:74,8,1,0
BRDA:79,9,0,2
BRDA:79,9,1,0
BRF:19
BRH:10
end_of_record
TN:
SF:src/app/details/[id]/page.tsx
FN:4,(anonymous_0)
FNF:1
FNH:1
FNDA:3,(anonymous_0)
DA:4,1
DA:5,3
LF:2
LH:2
BRF:0
BRH:0
end_of_record
TN:
SF:src/modules/core/components/ErrorBoundary/ErrorBoundary.tsx
FN:15,(anonymous_0)
FN:20,(anonymous_1)
FN:24,(anonymous_2)
FN:29,(anonymous_3)
FN:36,(anonymous_4)
FNF:5
FNH:4
FNDA:3,(anonymous_0)
FNDA:2,(anonymous_1)
FNDA:1,(anonymous_2)
FNDA:5,(anonymous_3)
FNDA:0,(anonymous_4)
DA:16,3
DA:17,2
DA:21,2
DA:25,1
DA:26,1
DA:27,1
DA:30,5
DA:31,3
DA:36,0
DA:41,2
LF:10
LH:9
BRDA:30,0,0,3
BRDA:30,0,1,2
BRF:2
BRH:2
end_of_record
TN:
SF:src/modules/core/components/ErrorButton/ErrorButton.tsx
FN:4,(anonymous_0)
FN:7,(anonymous_1)
FNF:2
FNH:2
FNDA:9,(anonymous_0)
FNDA:1,(anonymous_1)
DA:4,2
DA:5,9
DA:7,8
DA:8,1
DA:11,8
DA:12,4
DA:15,4
LF:7
LH:7
BRDA:11,0,0,4
BRDA:11,0,1,4
BRF:2
BRH:2
end_of_record
TN:
SF:src/modules/core/components/Loader/Loader.tsx
FN:6,(anonymous_0)
FNF:1
FNH:1
FNDA:4,(anonymous_0)
DA:6,3
DA:7,4
LF:2
LH:2
BRF:0
BRH:0
end_of_record
TN:
SF:src/modules/core/components/NotFound/NotFound.tsx
FN:3,(anonymous_0)
FNF:1
FNH:1
FNDA:2,(anonymous_0)
DA:3,2
DA:4,2
LF:2
LH:2
BRF:0
BRH:0
end_of_record
TN:
SF:src/modules/core/components/ThemeSwitcher/ThemeSwitcher.tsx
FN:5,(anonymous_0)
FN:8,(anonymous_1)
FNF:2
FNH:2
FNDA:5,(anonymous_0)
FNDA:1,(anonymous_1)
DA:5,2
DA:6,5
DA:8,5
DA:9,1
DA:12,5
LF:5
LH:5
BRF:0
BRH:0
end_of_record
TN:
SF:src/modules/core/context/ThemeContext.tsx
FN:18,(anonymous_0)
FN:23,(anonymous_1)
FN:34,(anonymous_2)
FNF:3
FNH:3
FNDA:11,(anonymous_0)
FNDA:7,(anonymous_1)
FNDA:6,(anonymous_2)
DA:16,6
DA:18,6
DA:21,11
DA:23,11
DA:24,7
DA:27,11
DA:34,6
DA:35,6
DA:36,6
DA:37,0
DA:39,6
LF:11
LH:10
BRDA:36,0,0,0
BRDA:36,0,1,6
BRF:2
BRH:1
end_of_record
TN:
SF:src/modules/resultsSection/components/DetailPanel.tsx
FN:50,(anonymous_0)
FN:62,(anonymous_1)
FN:65,(anonymous_2)
FN:68,(anonymous_3)
FN:79,(anonymous_4)
FN:80,(anonymous_5)
FN:115,(anonymous_6)
FN:129,(anonymous_7)
FN:149,(anonymous_8)
FN:164,(anonymous_9)
FN:204,(anonymous_10)
FN:213,(anonymous_11)
FNF:12
FNH:9
FNDA:9,(anonymous_0)
FNDA:2,(anonymous_1)
FNDA:1,(anonymous_2)
FNDA:1,(anonymous_3)
FNDA:1,(anonymous_4)
FNDA:1,(anonymous_5)
FNDA:0,(anonymous_6)
FNDA:0,(anonymous_7)
FNDA:0,(anonymous_8)
FNDA:3,(anonymous_9)
FNDA:3,(anonymous_10)
FNDA:3,(anonymous_11)
DA:29,2
DA:50,2
DA:51,9
DA:52,4
DA:53,4
DA:54,4
DA:55,4
DA:56,4
DA:58,4
DA:62,4
DA:63,2
DA:64,1
DA:65,1
DA:66,1
DA:69,1
DA:70,1
DA:79,4
DA:80,1
DA:81,1
DA:82,0
DA:83,0
DA:85,1
DA:86,1
DA:87,1
DA:88,1
DA:89,1
DA:90,1
DA:91,0
DA:93,1
DA:94,1
DA:96,0
DA:97,0
DA:99,1
DA:103,1
DA:106,4
DA:107,3
DA:108,3
DA:110,3
DA:111,3
DA:113,3
DA:115,0
DA:129,0
DA:149,0
DA:165,3
DA:204,3
DA:214,3
LF:46
LH:38
BRDA:63,0,0,1
BRDA:63,0,1,1
BRDA:81,1,0,0
BRDA:81,1,1,1
BRDA:90,2,0,0
BRDA:90,2,1,1
BRDA:106,3,0,1
BRDA:106,3,1,3
BRDA:107,4,0,0
BRDA:107,4,1,3
BRDA:108,5,0,0
BRDA:108,5,1,3
BRDA:111,6,0,3
BRDA:111,6,1,0
BRDA:130,7,0,0
BRDA:130,7,1,3
BRDA:150,8,0,0
BRDA:150,8,1,3
BRDA:222,9,0,3
BRDA:222,9,1,2
BRF:20
BRH:13
end_of_record
TN:
SF:src/modules/resultsSection/components/Pagination.tsx
FN:10,(anonymous_0)
FN:14,(anonymous_1)
FN:20,(anonymous_2)
FN:43,(anonymous_3)
FN:49,(anonymous_4)
FN:53,(anonymous_5)
FN:62,(anonymous_6)
FNF:7
FNH:5
FNDA:2,(anonymous_0)
FNDA:2,(anonymous_1)
FNDA:2,(anonymous_2)
FNDA:0,(anonymous_3)
FNDA:6,(anonymous_4)
FNDA:2,(anonymous_5)
FNDA:0,(anonymous_6)
DA:10,3
DA:11,2
DA:12,2
DA:14,2
DA:15,2
DA:16,2
DA:17,2
DA:20,2
DA:21,2
DA:22,2
DA:23,2
DA:24,2
DA:26,2
DA:27,2
DA:29,2
DA:30,0
DA:33,2
DA:34,6
DA:36,2
DA:39,2
DA:43,0
DA:50,6
DA:53,2
DA:62,0
LF:24
LH:21
BRDA:26,0,0,2
BRDA:26,0,1,0
BRDA:29,1,0,0
BRDA:29,1,1,2
BRDA:55,2,0,2
BRDA:55,2,1,4
BRF:6
BRH:4
end_of_record
TN:
SF:src/modules/resultsSection/components/ResultsList.tsx
FN:13,(anonymous_0)
FN:30,(anonymous_1)
FNF:2
FNH:1
FNDA:3,(anonymous_0)
FNDA:0,(anonymous_1)
DA:13,2
DA:14,3
DA:15,2
DA:18,1
DA:19,0
DA:27,1
DA:30,0
LF:7
LH:5
BRDA:14,0,0,2
BRDA:14,0,1,1
BRDA:18,1,0,0
BRDA:18,1,1,1
BRDA:29,2,0,0
BRDA:29,2,1,1
BRF:6
BRH:4
end_of_record
TN:
SF:src/modules/shared/components/SortDropdown/SortDropdown.tsx
FN:8,(anonymous_0)
FN:16,(anonymous_1)
FN:23,(anonymous_2)
FN:24,(anonymous_3)
FN:33,(anonymous_4)
FN:38,(anonymous_5)
FN:56,(anonymous_6)
FN:66,(anonymous_7)
FNF:8
FNH:6
FNDA:9,(anonymous_0)
FNDA:1,(anonymous_1)
FNDA:3,(anonymous_2)
FNDA:0,(anonymous_3)
FNDA:3,(anonymous_4)
FNDA:1,(anonymous_5)
FNDA:0,(anonymous_6)
FNDA:1,(anonymous_7)
DA:8,3
DA:9,9
DA:10,8
DA:11,8
DA:12,8
DA:14,8
DA:16,8
DA:17,1
DA:18,1
DA:19,1
DA:20,1
DA:23,8
DA:24,3
DA:25,0
DA:29,0
DA:32,3
DA:33,3
DA:36,8
DA:38,1
DA:56,0
DA:66,1
LF:21
LH:18
BRDA:14,0,0,8
BRDA:14,0,1,5
BRDA:25,1,0,0
BRDA:25,1,1,0
BRDA:26,2,0,0
BRDA:26,2,1,0
BRDA:41,3,0,8
BRDA:41,3,1,0
BRDA:46,4,0,8
BRDA:46,4,1,1
BRF:10
BRH:5
end_of_record
TN:
SF:src/modules/shared/components/card/Card.tsx
FN:11,(anonymous_0)
FN:16,(anonymous_1)
FN:18,(anonymous_2)
FN:24,(anonymous_3)
FN:31,(anonymous_4)
FN:49,(anonymous_5)
FNF:6
FNH:5
FNDA:3,(anonymous_0)
FNDA:6,(anonymous_1)
FNDA:0,(anonymous_2)
FNDA:1,(anonymous_3)
FNDA:1,(anonymous_4)
FNDA:1,(anonymous_5)
DA:11,3
DA:12,3
DA:13,3
DA:14,3
DA:15,3
DA:16,6
DA:18,3
DA:20,3
DA:22,3
DA:24,3
DA:25,1
DA:26,1
DA:31,3
DA:32,1
DA:33,0
DA:35,1
DA:39,3
DA:49,1
LF:18
LH:17
BRDA:20,0,0,3
BRDA:20,0,1,3
BRDA:22,1,0,3
BRDA:22,1,1,3
BRDA:32,2,0,0
BRDA:32,2,1,1
BRDA:41,3,0,0
BRDA:41,3,1,3
BRF:8
BRH:6
end_of_record
TN:
SF:src/modules/shared/components/flyout/Flyout.tsx
FN:7,(anonymous_0)
FN:10,(anonymous_1)
FN:15,(anonymous_2)
FN:19,(anonymous_3)
FN:22,(anonymous_4)
FN:38,(anonymous_5)
FNF:6
FNH:5
FNDA:2,(anonymous_0)
FNDA:3,(anonymous_1)
FNDA:0,(anonymous_2)
FNDA:1,(anonymous_3)
FNDA:1,(anonymous_4)
FNDA:1,(anonymous_5)
DA:7,2
DA:8,2
DA:9,2
DA:10,3
DA:12,2
DA:13,2
DA:15,2
DA:16,0
DA:19,2
DA:20,1
DA:23,1
DA:27,1
DA:28,1
DA:30,1
DA:31,1
DA:32,1
DA:33,1
DA:34,1
DA:38,2
DA:39,1
DA:40,1
DA:42,0
DA:46,2
LF:23
LH:21
BRDA:30,0,0,1
BRDA:30,0,1,0
BRDA:39,1,0,1
BRDA:39,1,1,0
BRDA:48,2,0,1
BRDA:48,2,1,1
BRF:6
BRH:4
end_of_record
TN:
SF:src/modules/shared/components/header/Header.tsx
FN:7,(anonymous_0)
FNF:1
FNH:1
FNDA:4,(anonymous_0)
DA:7,2
DA:8,4
LF:2
LH:2
BRF:0
BRH:0
end_of_record
TN:
SF:src/modules/topControls/components/SearchForm.tsx
FN:13,(anonymous_0)
FN:17,(anonymous_1)
FN:22,(anonymous_2)
FN:27,(anonymous_3)
FN:33,(anonymous_4)
FNF:5
FNH:3
FNDA:5,(anonymous_0)
FNDA:1,(anonymous_1)
FNDA:1,(anonymous_2)
FNDA:0,(anonymous_3)
FNDA:0,(anonymous_4)
DA:13,2
DA:14,5
DA:15,5
DA:17,5
DA:18,1
DA:19,1
DA:22,5
DA:23,1
DA:24,1
DA:27,5
DA:28,0
DA:29,0
DA:33,5
DA:34,0
DA:35,0
DA:38,5
LF:16
LH:12
BRDA:28,0,0,0
BRDA:28,0,1,0
BRDA:50,1,0,5
BRDA:50,1,1,1
BRF:4
BRH:2
end_of_record
